  Test.c
c:\users\marc.coopersoftware\dropbox\dissertation\code\project1\project1\test.c(38): error C2143: syntax error : missing ';' before 'type'
c:\users\marc.coopersoftware\dropbox\dissertation\code\project1\project1\test.c(40): error C2065: 'l' : undeclared identifier
c:\users\marc.coopersoftware\dropbox\dissertation\code\project1\project1\test.c(40): warning C4305: '=' : truncation from '__int64' to 'int'
c:\users\marc.coopersoftware\dropbox\dissertation\code\project1\project1\test.c(42): error C2065: 'l' : undeclared identifier
c:\users\marc.coopersoftware\dropbox\dissertation\code\project1\project1\test.c(46): error C2143: syntax error : missing ';' before 'type'
c:\users\marc.coopersoftware\dropbox\dissertation\code\project1\project1\test.c(48): error C2065: 'a' : undeclared identifier
c:\users\marc.coopersoftware\dropbox\dissertation\code\project1\project1\test.c(51): error C2065: 'a' : undeclared identifier
c:\users\marc.coopersoftware\dropbox\dissertation\code\project1\project1\test.c(51): error C2109: subscript requires array or pointer type
c:\users\marc.coopersoftware\dropbox\dissertation\code\project1\project1\test.c(51): error C2100: illegal indirection
c:\users\marc.coopersoftware\dropbox\dissertation\code\project1\project1\test.c(56): error C2065: 'a' : undeclared identifier
c:\users\marc.coopersoftware\dropbox\dissertation\code\project1\project1\test.c(56): error C2109: subscript requires array or pointer type
c:\users\marc.coopersoftware\dropbox\dissertation\code\project1\project1\test.c(59): error C2065: 'a' : undeclared identifier
c:\users\marc.coopersoftware\dropbox\dissertation\code\project1\project1\test.c(59): warning C4047: 'function' : 'int *' differs in levels of indirection from 'int'
c:\users\marc.coopersoftware\dropbox\dissertation\code\project1\project1\test.c(59): warning C4024: 'showArr' : different types for formal and actual parameter 2
c:\users\marc.coopersoftware\dropbox\dissertation\code\project1\project1\test.c(66): error C2143: syntax error : missing ';' before '<class-head>'
c:\users\marc.coopersoftware\dropbox\dissertation\code\project1\project1\test.c(68): error C2143: syntax error : missing ';' before 'type'
c:\users\marc.coopersoftware\dropbox\dissertation\code\project1\project1\test.c(69): error C2143: syntax error : missing ';' before 'type'
c:\users\marc.coopersoftware\dropbox\dissertation\code\project1\project1\test.c(71): error C2143: syntax error : missing '{' before '.'
c:\users\marc.coopersoftware\dropbox\dissertation\code\project1\project1\test.c(71): error C2059: syntax error : '.'
c:\users\marc.coopersoftware\dropbox\dissertation\code\project1\project1\test.c(72): error C2143: syntax error : missing '{' before '.'
c:\users\marc.coopersoftware\dropbox\dissertation\code\project1\project1\test.c(72): error C2059: syntax error : '.'
c:\users\marc.coopersoftware\dropbox\dissertation\code\project1\project1\test.c(73): error C2143: syntax error : missing '{' before '.'
c:\users\marc.coopersoftware\dropbox\dissertation\code\project1\project1\test.c(73): error C2059: syntax error : '.'
c:\users\marc.coopersoftware\dropbox\dissertation\code\project1\project1\test.c(74): error C2143: syntax error : missing '{' before '.'
c:\users\marc.coopersoftware\dropbox\dissertation\code\project1\project1\test.c(74): error C2059: syntax error : '.'
c:\users\marc.coopersoftware\dropbox\dissertation\code\project1\project1\test.c(75): error C2143: syntax error : missing '{' before '.'
c:\users\marc.coopersoftware\dropbox\dissertation\code\project1\project1\test.c(75): error C2059: syntax error : '.'
c:\users\marc.coopersoftware\dropbox\dissertation\code\project1\project1\test.c(77): error C2143: syntax error : missing ')' before 'string'
c:\users\marc.coopersoftware\dropbox\dissertation\code\project1\project1\test.c(77): error C2143: syntax error : missing '{' before 'string'
c:\users\marc.coopersoftware\dropbox\dissertation\code\project1\project1\test.c(77): error C2059: syntax error : '<Unknown>'
c:\users\marc.coopersoftware\dropbox\dissertation\code\project1\project1\test.c(77): error C2059: syntax error : ')'
c:\users\marc.coopersoftware\dropbox\dissertation\code\project1\project1\test.c(78): error C2143: syntax error : missing ')' before 'constant'
c:\users\marc.coopersoftware\dropbox\dissertation\code\project1\project1\test.c(78): error C2143: syntax error : missing '{' before 'constant'
c:\users\marc.coopersoftware\dropbox\dissertation\code\project1\project1\test.c(78): error C2059: syntax error : '<Unknown>'
c:\users\marc.coopersoftware\dropbox\dissertation\code\project1\project1\test.c(78): error C2059: syntax error : ')'
c:\users\marc.coopersoftware\dropbox\dissertation\code\project1\project1\test.c(81): error C2143: syntax error : missing ')' before 'string'
c:\users\marc.coopersoftware\dropbox\dissertation\code\project1\project1\test.c(81): error C2143: syntax error : missing '{' before 'string'
c:\users\marc.coopersoftware\dropbox\dissertation\code\project1\project1\test.c(81): error C2059: syntax error : '<Unknown>'
c:\users\marc.coopersoftware\dropbox\dissertation\code\project1\project1\test.c(81): error C2059: syntax error : ')'
c:\users\marc.coopersoftware\dropbox\dissertation\code\project1\project1\test.c(83): error C2040: 'x' : 'int' differs in levels of indirection from 'node *'
c:\users\marc.coopersoftware\dropbox\dissertation\code\project1\project1\test.c(83): error C2065: 'a' : undeclared identifier
c:\users\marc.coopersoftware\dropbox\dissertation\code\project1\project1\test.c(83): warning C4047: 'function' : 'int *' differs in levels of indirection from 'int'
c:\users\marc.coopersoftware\dropbox\dissertation\code\project1\project1\test.c(83): warning C4024: 'mkList' : different types for formal and actual parameter 2
c:\users\marc.coopersoftware\dropbox\dissertation\code\project1\project1\test.c(83): error C2099: initializer is not a constant
c:\users\marc.coopersoftware\dropbox\dissertation\code\project1\project1\test.c(84): error C2371: 'showList' : redefinition; different basic types
          c:\users\marc.coopersoftware\dropbox\dissertation\code\project1\project1\test.c(31) : see declaration of 'showList'
c:\users\marc.coopersoftware\dropbox\dissertation\code\project1\project1\test.c(87): error C2143: syntax error : missing ')' before 'string'
c:\users\marc.coopersoftware\dropbox\dissertation\code\project1\project1\test.c(87): error C2143: syntax error : missing '{' before 'string'
c:\users\marc.coopersoftware\dropbox\dissertation\code\project1\project1\test.c(87): error C2059: syntax error : '<Unknown>'
c:\users\marc.coopersoftware\dropbox\dissertation\code\project1\project1\test.c(87): error C2059: syntax error : ')'
c:\users\marc.coopersoftware\dropbox\dissertation\code\project1\project1\test.c(90): warning C4142: benign redefinition of type
c:\users\marc.coopersoftware\dropbox\dissertation\code\project1\project1\test.c(91): error C2143: syntax error : missing ')' before 'string'
c:\users\marc.coopersoftware\dropbox\dissertation\code\project1\project1\test.c(91): error C2143: syntax error : missing '{' before 'string'
c:\users\marc.coopersoftware\dropbox\dissertation\code\project1\project1\test.c(91): error C2059: syntax error : '<Unknown>'
c:\users\marc.coopersoftware\dropbox\dissertation\code\project1\project1\test.c(91): error C2059: syntax error : ')'
c:\users\marc.coopersoftware\dropbox\dissertation\code\project1\project1\test.c(92): error C2040: 'c' : 'int' differs in levels of indirection from 'char *'
c:\users\marc.coopersoftware\dropbox\dissertation\code\project1\project1\test.c(92): warning C4047: 'initializing' : 'int' differs in levels of indirection from 'char *'
c:\users\marc.coopersoftware\dropbox\dissertation\code\project1\project1\test.c(93): error C2143: syntax error : missing ')' before 'string'
c:\users\marc.coopersoftware\dropbox\dissertation\code\project1\project1\test.c(93): error C2143: syntax error : missing '{' before 'string'
c:\users\marc.coopersoftware\dropbox\dissertation\code\project1\project1\test.c(93): error C2059: syntax error : '<Unknown>'
c:\users\marc.coopersoftware\dropbox\dissertation\code\project1\project1\test.c(94): error C2059: syntax error : ')'
c:\users\marc.coopersoftware\dropbox\dissertation\code\project1\project1\test.c(96): error C2059: syntax error : '}'
